<?xml version="1.0" encoding="UTF-8"?>
<testsuite name="com.example.ApplicationTest" tests="1" skipped="0" failures="0" errors="0" timestamp="2022-10-31T14:15:58" hostname="TeruhisanoMac-mini.local" time="0.559">
  <properties/>
  <testcase name="testRoot" classname="com.example.ApplicationTest" time="0.559"/>
  <system-out><![CDATA[2022-10-31 23:15:58.318 [DefaultDispatcher-worker-1 @call-context#2] DEBUG ktor.test - Java Home: /Library/Java/JavaVirtualMachines/jdk-17.0.2.jdk/Contents
2022-10-31 23:15:58.320 [DefaultDispatcher-worker-1 @call-context#2] DEBUG ktor.test - Class Loader: jdk.internal.loader.ClassLoaders$AppClassLoader@531d72ca: [file:/Users/teru/.gradle/caches/modules-2/files-2.1/ch.qos.logback/logback-classic/1.2.11/4741689214e9d1e8408b206506cbe76d1c6a7d60/logback-classic-1.2.11.jar!/ch, file:/Users/teru/.gradle/caches/modules-2/files-2.1/ch.qos.logback/logback-core/1.2.11/a01230df5ca5c34540cdaa3ad5efb012f1f1f792/logback-core-1.2.11.jar!/ch, file:/Users/teru/.gradle/caches/modules-2/files-2.1/junit/junit/4.13.2/8ac9e16d933b6fb43bc7f576336b8f4d7eb5ba12/junit-4.13.2.jar!/junit, file:/Users/teru/.gradle/caches/modules-2/files-2.1/org.jetbrains.exposed/exposed-dao/0.36.2/da7ece480f476b2a415b605b4f99335d732ed04/exposed-dao-0.36.2.jar!/org, file:/Users/teru/.gradle/caches/modules-2/files-2.1/org.jetbrains.exposed/exposed-jdbc/0.36.2/3adbc67e13e4a15754c5b97e404faef7388c5eeb/exposed-jdbc-0.36.2.jar!/org, file:/Users/teru/.gradle/caches/modules-2/files-2.1/org.jetbrains.exposed/exposed-core/0.36.2/5683b4f90380bd25ef85c61a6079383f6fe01fbb/exposed-core-0.36.2.jar!/org, file:/Users/teru/.gradle/caches/modules-2/files-2.1/org.slf4j/slf4j-api/1.7.36/6c62681a2f655b49963a5983b8b0950a6120ae14/slf4j-api-1.7.36.jar!/org, file:/Users/teru/.gradle/caches/modules-2/files-2.1/org.fusesource.jansi/jansi/2.4.0/321c614f85f1dea6bb08c1817c60d53b7f3552fd/jansi-2.4.0.jar!/org, file:/Users/teru/.gradle/caches/modules-2/files-2.1/org.eclipse.jetty.alpn/alpn-api/1.1.3.v20160715/a1bf3a937f91b4c953acd13e8c9552347adc2198/alpn-api-1.1.3.v20160715.jar!/org, file:/Users/teru/.gradle/caches/modules-2/files-2.1/org.jetbrains/annotations/13.0/919f0dfe192fb4e063e7dacadee7f8bb9a2672a9/annotations-13.0.jar!/org, file:/Users/teru/.gradle/caches/modules-2/files-2.1/org.hamcrest/hamcrest-core/1.3/42a25dc3219429f0e5d060061f71acb49bf010a0/hamcrest-core-1.3.jar!/org, file:/Users/teru/.gradle/caches/modules-2/files-2.1/org.eclipse.jetty.http2/http2-http-client-transport/9.4.48.v20220622/753094fc5d944b5c000246244bb1269ef4eda70c/http2-http-client-transport-9.4.48.v20220622.jar!/org, file:/Users/teru/.gradle/caches/modules-2/files-2.1/org.eclipse.jetty.http2/http2-client/9.4.48.v20220622/92d50764a8ec042772cea815ced63212b3f8f8df/http2-client-9.4.48.v20220622.jar!/org, file:/Users/teru/.gradle/caches/modules-2/files-2.1/org.eclipse.jetty/jetty-client/9.4.48.v20220622/fc2e953a7030045e1ca467d57e200856a170848e/jetty-client-9.4.48.v20220622.jar!/org, file:/Users/teru/.gradle/caches/modules-2/files-2.1/org.eclipse.jetty.http2/http2-common/9.4.48.v20220622/d9dd860a7e9bb8227b137bd63c8630cbb6cac9cf/http2-common-9.4.48.v20220622.jar!/org, file:/Users/teru/.gradle/caches/modules-2/files-2.1/org.eclipse.jetty/jetty-alpn-openjdk8-client/9.4.48.v20220622/b043abf5bc5dc4e617231b84ed273072ff66d50f/jetty-alpn-openjdk8-client-9.4.48.v20220622.jar!/org, file:/Users/teru/.gradle/caches/modules-2/files-2.1/org.eclipse.jetty/jetty-alpn-java-client/9.4.48.v20220622/e82cb053fdbd274b7be469f408675428bb849dea/jetty-alpn-java-client-9.4.48.v20220622.jar!/org, file:/Users/teru/.gradle/caches/modules-2/files-2.1/org.eclipse.jetty/jetty-alpn-client/9.4.48.v20220622/b224008b51c94e9440367e2af67a0fcbbdae943b/jetty-alpn-client-9.4.48.v20220622.jar!/org, file:/Users/teru/.gradle/caches/modules-2/files-2.1/org.eclipse.jetty.http2/http2-hpack/9.4.48.v20220622/dab003d88e03d92cd0c94452297d476aa5e0c566/http2-hpack-9.4.48.v20220622.jar!/org, file:/Users/teru/.gradle/caches/modules-2/files-2.1/org.eclipse.jetty/jetty-http/9.4.48.v20220622/8cb235e70bda0c5e97a41e7ee0ea33ee7f5bcc6a/jetty-http-9.4.48.v20220622.jar!/org, file:/Users/teru/.gradle/caches/modules-2/files-2.1/org.eclipse.jetty/jetty-io/9.4.48.v20220622/b09b55209d0a304e542f779750a01f6914dc55e7/jetty-io-9.4.48.v20220622.jar!/org, file:/Users/teru/.gradle/caches/modules-2/files-2.1/org.eclipse.jetty/jetty-util/9.4.48.v20220622/7efc06f7ec0ff33d8c219bcc8c7415280c103669/jetty-util-9.4.48.v20220622.jar!/org, file:/Users/teru/.gradle/caches/modules-2/files-2.1/io.ktor/ktor-server-freemarker-jvm/2.1.2/fe533c183609e220eb73edb7545c461c4d7cb0d5/ktor-server-freemarker-jvm-2.1.2.jar!/io, file:/Users/teru/.gradle/caches/modules-2/files-2.1/io.ktor/ktor-server-tests-jvm/2.1.2/e41ed70a721ff85f483c0f4a63fa4f767b472779/ktor-server-tests-jvm-2.1.2.jar!/io, file:/Users/teru/.gradle/caches/modules-2/files-2.1/io.ktor/ktor-server-test-host-jvm/2.1.2/6560111d696bf90614fdc067ce365b9df49e7334/ktor-server-test-host-jvm-2.1.2.jar!/io, file:/Users/teru/.gradle/caches/modules-2/files-2.1/io.ktor/ktor-server-netty-jvm/2.1.2/12f30ae7a7cdfa30467f0c24698011d70654604c/ktor-server-netty-jvm-2.1.2.jar!/io, file:/Users/teru/.gradle/caches/modules-2/files-2.1/io.ktor/ktor-server-host-common-jvm/2.1.2/2f6e64a48e3e7c9e334ba4e0d5268e79d9e8d0e1/ktor-server-host-common-jvm-2.1.2.jar!/io, file:/Users/teru/.gradle/caches/modules-2/files-2.1/io.ktor/ktor-server-jvm/2.1.2/5af68aa40c021fc2a8f0ecc90506c01a540b52c/ktor-server-jvm-2.1.2.jar!/io, file:/Users/teru/.gradle/caches/modules-2/files-2.1/io.ktor/ktor-server-call-id-jvm/2.1.2/4f6092178ed524c43b35853b0a8ae492baa63a4d/ktor-server-call-id-jvm-2.1.2.jar!/io, file:/Users/teru/.gradle/caches/modules-2/files-2.1/io.ktor/ktor-server-call-logging-jvm/2.1.2/57f587ddbf17823db575a9702b910a1e788e2935/ktor-server-call-logging-jvm-2.1.2.jar!/io, file:/Users/teru/.gradle/caches/modules-2/files-2.1/io.ktor/ktor-server-websockets-jvm/2.1.2/d6539bd96fa3c4c9b8fbb2b4defef34221bf071/ktor-server-websockets-jvm-2.1.2.jar!/io, file:/Users/teru/.gradle/caches/modules-2/files-2.1/io.ktor/ktor-server-auto-head-response-jvm/2.1.2/6559caeb0605b91b243ae0cf487062fd4980785e/ktor-server-auto-head-response-jvm-2.1.2.jar!/io, file:/Users/teru/.gradle/caches/modules-2/files-2.1/io.ktor/ktor-server-caching-headers-jvm/2.1.2/19f2b4f1e3673a87309749e0fa204d0afab2e4a2/ktor-server-caching-headers-jvm-2.1.2.jar!/io, file:/Users/teru/.gradle/caches/modules-2/files-2.1/io.ktor/ktor-server-partial-content-jvm/2.1.2/48e38616d5ed2decd04171752e956b462f0aaffc/ktor-server-partial-content-jvm-2.1.2.jar!/io, file:/Users/teru/.gradle/caches/modules-2/files-2.1/io.ktor/ktor-server-conditional-headers-jvm/2.1.2/aa266cee6f534851590adf8a19250d0f4ee03a72/ktor-server-conditional-headers-jvm-2.1.2.jar!/io, file:/Users/teru/.gradle/caches/modules-2/files-2.1/io.ktor/ktor-server-content-negotiation-jvm/2.1.2/932f16f5a987db2aa0e6918d59d2ba155740bd66/ktor-server-content-negotiation-jvm-2.1.2.jar!/io, file:/Users/teru/.gradle/caches/modules-2/files-2.1/io.ktor/ktor-server-cors-jvm/2.1.2/6a4f61add44083c813f6f9107c4ddefa6e1da989/ktor-server-cors-jvm-2.1.2.jar!/io, file:/Users/teru/.gradle/caches/modules-2/files-2.1/io.ktor/ktor-server-data-conversion-jvm/2.1.2/691cbbe27a4ea92143044c31de8eeaadad566b90/ktor-server-data-conversion-jvm-2.1.2.jar!/io, file:/Users/teru/.gradle/caches/modules-2/files-2.1/io.ktor/ktor-server-double-receive-jvm/2.1.2/1212767d551214c6051922b026f72c0040601807/ktor-server-double-receive-jvm-2.1.2.jar!/io, file:/Users/teru/.gradle/caches/modules-2/files-2.1/io.ktor/ktor-server-forwarded-header-jvm/2.1.2/8353b296bb9ce385833b357f74ee2da25fbf63c5/ktor-server-forwarded-header-jvm-2.1.2.jar!/io, file:/Users/teru/.gradle/caches/modules-2/files-2.1/io.ktor/ktor-server-hsts-jvm/2.1.2/ed3d8079c0a3080cf4112e66e90dbb4e2936e844/ktor-server-hsts-jvm-2.1.2.jar!/io, file:/Users/teru/.gradle/caches/modules-2/files-2.1/io.ktor/ktor-server-http-redirect-jvm/2.1.2/4c4784c81e8a5f1a040a169850a3e9379d390e96/ktor-server-http-redirect-jvm-2.1.2.jar!/io, file:/Users/teru/.gradle/caches/modules-2/files-2.1/io.ktor/ktor-server-status-pages-jvm/2.1.2/59f8560cd669d3f5e75d14a7b7bd4ab1684c4420/ktor-server-status-pages-jvm-2.1.2.jar!/io, file:/Users/teru/.gradle/caches/modules-2/files-2.1/io.ktor/ktor-server-method-override-jvm/2.1.2/3feee63ec230a35066a673b8f367e025369c9a05/ktor-server-method-override-jvm-2.1.2.jar!/io, file:/Users/teru/.gradle/caches/modules-2/files-2.1/io.ktor/ktor-server-sessions-jvm/2.1.2/ce3bd4a14f4b6bc9f4938b6502933cf28b2ee0b3/ktor-server-sessions-jvm-2.1.2.jar!/io, file:/Users/teru/.gradle/caches/modules-2/files-2.1/io.ktor/ktor-server-default-headers-jvm/2.1.2/3d26fc442aa7ec4ee1f1f58c871d617d347b7b9a/ktor-server-default-headers-jvm-2.1.2.jar!/io, file:/Users/teru/.gradle/caches/modules-2/files-2.1/io.ktor/ktor-server-compression-jvm/2.1.2/54956d09533d80844391d7f75bcdbaf21d52c14a/ktor-server-compression-jvm-2.1.2.jar!/io, file:/Users/teru/.gradle/caches/modules-2/files-2.1/io.ktor/ktor-server-core-jvm/2.1.2/318fb07dc5c838be7c5d1b6971bda890bf1ed906/ktor-server-core-jvm-2.1.2.jar!/io, file:/Users/teru/.gradle/caches/modules-2/files-2.1/io.ktor/ktor-client-jetty-jvm/2.1.2/43d0b038229f369a180e93f9e35340849d592ce6/ktor-client-jetty-jvm-2.1.2.jar!/io, file:/Users/teru/.gradle/caches/modules-2/files-2.1/io.ktor/ktor-client-cio-jvm/2.1.2/20d66032115a78eeb578c60917e224d81976a126/ktor-client-cio-jvm-2.1.2.jar!/io, file:/Users/teru/.gradle/caches/modules-2/files-2.1/io.ktor/ktor-client-core-jvm/2.1.2/32f95561597a985c97f0bf7772b53cebefc89e2d/ktor-client-core-jvm-2.1.2.jar!/io, file:/Users/teru/.gradle/caches/modules-2/files-2.1/io.ktor/ktor-websocket-serialization-jvm/2.1.2/6642783518ca9bf228c532f8adce3092ceab2120/ktor-websocket-serialization-jvm-2.1.2.jar!/io, file:/Users/teru/.gradle/caches/modules-2/files-2.1/io.ktor/ktor-serialization-jvm/2.1.2/82e68c33d14f083628ef24cbf6802f0f84f9a136/ktor-serialization-jvm-2.1.2.jar!/io, file:/Users/teru/.gradle/caches/modules-2/files-2.1/io.ktor/ktor-events-jvm/2.1.2/cd8860877f4acfc250c87ab695aa229e9953464/ktor-events-jvm-2.1.2.jar!/io, file:/Users/teru/.gradle/caches/modules-2/files-2.1/io.ktor/ktor-websockets-jvm/2.1.2/4c664b64ccef579df34e4b25051d2ff5fa0be72c/ktor-websockets-jvm-2.1.2.jar!/io, file:/Users/teru/.gradle/caches/modules-2/files-2.1/io.ktor/ktor-http-cio-jvm/2.1.2/8cd3fb0f30dc6ee62432c63e545772f00bf2d275/ktor-http-cio-jvm-2.1.2.jar!/io, file:/Users/teru/.gradle/caches/modules-2/files-2.1/io.ktor/ktor-http-jvm/2.1.2/fd41f29d10f852b31857c4a1e03bc07970d16675/ktor-http-jvm-2.1.2.jar!/io, file:/Users/teru/.gradle/caches/modules-2/files-2.1/io.ktor/ktor-network-tls-certificates-jvm/2.1.2/c0b6bd5d13a42004842374d4f343491ba8352f5d/ktor-network-tls-certificates-jvm-2.1.2.jar!/io, file:/Users/teru/.gradle/caches/modules-2/files-2.1/io.ktor/ktor-network-tls-jvm/2.1.2/14e98622f3396cc0596b0854a7a41abe812ccade/ktor-network-tls-jvm-2.1.2.jar!/io, file:/Users/teru/.gradle/caches/modules-2/files-2.1/io.ktor/ktor-network-jvm/2.1.2/11540962f067b9e0a2959796c0e84cc16fb81a32/ktor-network-jvm-2.1.2.jar!/io, file:/Users/teru/.gradle/caches/modules-2/files-2.1/io.ktor/ktor-utils-jvm/2.1.2/d1b3b9ca93cba820a815c1fa9a8d51a6612c3ad1/ktor-utils-jvm-2.1.2.jar!/io, file:/Users/teru/.gradle/caches/modules-2/files-2.1/io.ktor/ktor-test-dispatcher-jvm/2.1.2/d700ecc8a1bf6ccda8af35e78279a04cbc981bd3/ktor-test-dispatcher-jvm-2.1.2.jar!/io, file:/Users/teru/.gradle/caches/modules-2/files-2.1/io.ktor/ktor-io-jvm/2.1.2/8cf4a43449669c2f3dee4cb62610d999ab2b0474/ktor-io-jvm-2.1.2.jar!/io, file:/Users/teru/.gradle/caches/modules-2/files-2.1/io.netty/netty-codec-http2/4.1.78.Final/9a4e44bebe5979b59c9bf4cd879e65c4c52bf869/netty-codec-http2-4.1.78.Final.jar!/io, file:/Users/teru/.gradle/caches/modules-2/files-2.1/io.netty/netty-codec-http/4.1.78.Final/b636591e973418479f2d08e881b12be61845aa6f/netty-codec-http-4.1.78.Final.jar!/io, file:/Users/teru/.gradle/caches/modules-2/files-2.1/io.netty/netty-handler/4.1.78.Final/7e902b6018378bb700ec9364b1d0fba6eefd99fd/netty-handler-4.1.78.Final.jar!/io, file:/Users/teru/.gradle/caches/modules-2/files-2.1/io.netty/netty-codec/4.1.78.Final/e8486c8923fc0914df4562a8e0923462e885f88a/netty-codec-4.1.78.Final.jar!/io, file:/Users/teru/.gradle/caches/modules-2/files-2.1/io.netty/netty-transport-classes-kqueue/4.1.78.Final/5536de8030ef84507504b352e54c298b9db361c9/netty-transport-classes-kqueue-4.1.78.Final.jar!/io, file:/Users/teru/.gradle/caches/modules-2/files-2.1/io.netty/netty-transport-classes-epoll/4.1.78.Final/2151893a521c6362858071053fddbd270c1f20bd/netty-transport-classes-epoll-4.1.78.Final.jar!/io, file:/Users/teru/.gradle/caches/modules-2/files-2.1/io.netty/netty-transport-native-unix-common/4.1.78.Final/62c64e182a11e31ad80e68a94f0b02b45344df23/netty-transport-native-unix-common-4.1.78.Final.jar!/io, file:/Users/teru/.gradle/caches/modules-2/files-2.1/io.netty/netty-transport/4.1.78.Final/b1639d431e43622d6cbfdd45c30d3fb810fa9101/netty-transport-4.1.78.Final.jar!/io, file:/Users/teru/.gradle/caches/modules-2/files-2.1/io.netty/netty-buffer/4.1.78.Final/6c0c2d805a2c8ea30223677d8219235f9ec14c38/netty-buffer-4.1.78.Final.jar!/io, file:/Users/teru/.gradle/caches/modules-2/files-2.1/io.netty/netty-resolver/4.1.78.Final/691170d70a979757d50f60e16121ced5f411a9b8/netty-resolver-4.1.78.Final.jar!/io, file:/Users/teru/.gradle/caches/modules-2/files-2.1/io.netty/netty-common/4.1.78.Final/d6f560098050f88ba11750aa856edd955e4a7707/netty-common-4.1.78.Final.jar!/io, /Users/teru/projects/ktor_sample/build/classes/kotlin/test/com, /Users/teru/projects/ktor_sample/build/classes/kotlin/main/com, file:/Users/teru/.gradle/caches/modules-2/files-2.1/com.typesafe/config/1.4.2/4c40a633e7994cfb0354244efb6d03fcb11c3ecf/config-1.4.2.jar!/com, file:/Users/teru/.gradle/caches/modules-2/files-2.1/net.java.dev.jna/jna-platform/5.9.0/c535a5bda553d7d7690356c825010da74b2671b5/jna-platform-5.9.0.jar!/com, file:/Users/teru/.gradle/caches/modules-2/files-2.1/net.java.dev.jna/jna/5.9.0/8f503e6d9b500ceff299052d6be75b38c7257758/jna-5.9.0.jar!/com, file:/Users/teru/.gradle/caches/modules-2/files-2.1/org.jetbrains.kotlinx/kotlinx-coroutines-jdk8/1.6.4/5bc4b0bf6fd90fc190fd2f17e919c74c6274cb71/kotlinx-coroutines-jdk8-1.6.4.jar!/kotlinx, file:/Users/teru/.gradle/caches/modules-2/files-2.1/org.jetbrains.kotlinx/kotlinx-coroutines-slf4j/1.6.4/9369fcabacb66a55ca3b7939b72bb0b62af112ce/kotlinx-coroutines-slf4j-1.6.4.jar!/kotlinx, file:/Users/teru/.gradle/caches/modules-2/files-2.1/org.jetbrains.kotlinx/kotlinx-coroutines-core-jvm/1.6.4/2c997cd1c0ef33f3e751d3831929aeff1390cb30/kotlinx-coroutines-core-jvm-1.6.4.jar!/kotlinx, file:/Users/teru/.gradle/caches/modules-2/files-2.1/org.jetbrains.kotlinx/kotlinx-coroutines-debug/1.6.4/44285dd6fcec4bad505400d075f2783d18a46a11/kotlinx-coroutines-debug-1.6.4.jar!/kotlinx, file:/Users/teru/.gradle/caches/modules-2/files-2.1/org.jetbrains.kotlin/kotlin-stdlib-jdk8/1.7.20/eac6656981d9d7156e838467d2d8d79093b1570/kotlin-stdlib-jdk8-1.7.20.jar!/kotlin/, file:/Users/teru/.gradle/caches/modules-2/files-2.1/org.jetbrains.kotlin/kotlin-test/1.7.20/1cfae9a58285c1bafb4ad0bd1b27406d97a2623c/kotlin-test-1.7.20.jar!/kotlin/, file:/Users/teru/.gradle/caches/modules-2/files-2.1/org.jetbrains.kotlin/kotlin-test-junit/1.7.20/d32c2a8433d4c8bfaa0e75e72cd9f0c365d56045/kotlin-test-junit-1.7.20.jar!/kotlin/, file:/Users/teru/.gradle/caches/modules-2/files-2.1/org.jetbrains.kotlin/kotlin-stdlib-jdk7/1.7.20/2a729aa8763306368e665e2b747abd1dfd29b9d5/kotlin-stdlib-jdk7-1.7.20.jar!/kotlin/, file:/Users/teru/.gradle/caches/modules-2/files-2.1/org.jetbrains.kotlin/kotlin-reflect/1.7.0/e660b0079fdaf744dc9cc7f6f3aa3c761ec839b0/kotlin-reflect-1.7.0.jar!/META-INF/versions/9/kotlin/, file:/Users/teru/.gradle/caches/modules-2/files-2.1/org.jetbrains.kotlin/kotlin-stdlib/1.7.20/726594ea9ba2beb2ee113647fefa9a10f9fabe52/kotlin-stdlib-1.7.20.jar!/kotlin/, file:/Users/teru/.gradle/caches/modules-2/files-2.1/org.jetbrains.kotlin/kotlin-stdlib-common/1.7.20/e15351bdaf9fa06f009be5da7a202e4184f00ae3/kotlin-stdlib-common-1.7.20.jar!/kotlin, /Users/teru/projects/ktor_sample/build/classes/kotlin/test/com/example, /Users/teru/projects/ktor_sample/build/classes/kotlin/main/com/example, /Users/teru/projects/ktor_sample/build/classes/kotlin/test/, /Users/teru/projects/ktor_sample/build/classes/kotlin/main/, /Users/teru/projects/ktor_sample/build/resources/main/, file:/Users/teru/.gradle/caches/modules-2/files-2.1/net.bytebuddy/byte-buddy/1.10.9/2c03f15cd1131692feca93f190ed81412a3de961/byte-buddy-1.10.9.jar!/META-INF/versions/9/, file:/Users/teru/.gradle/caches/modules-2/files-2.1/net.bytebuddy/byte-buddy-agent/1.10.9/cbbeffa557e6b1b4cbb181b0782436921c523699/byte-buddy-agent-1.10.9.jar!/META-INF/versions/9/]
2022-10-31 23:15:58.333 [DefaultDispatcher-worker-1 @call-context#2] DEBUG ktor.test - Watching /Users/teru/projects/ktor_sample/build/classes/kotlin/test/com for changes.
2022-10-31 23:15:58.333 [DefaultDispatcher-worker-1 @call-context#2] DEBUG ktor.test - Watching /Users/teru/projects/ktor_sample/build/classes/kotlin/test/com/example for changes.
2022-10-31 23:15:58.333 [DefaultDispatcher-worker-1 @call-context#2] DEBUG ktor.test - Watching /Users/teru/projects/ktor_sample/build/classes/kotlin/main/com/example/dao for changes.
2022-10-31 23:15:58.333 [DefaultDispatcher-worker-1 @call-context#2] DEBUG ktor.test - Watching /Users/teru/projects/ktor_sample/build/classes/kotlin/test/META-INF for changes.
2022-10-31 23:15:58.333 [DefaultDispatcher-worker-1 @call-context#2] DEBUG ktor.test - Watching /Users/teru/projects/ktor_sample/build/resources/main for changes.
2022-10-31 23:15:58.333 [DefaultDispatcher-worker-1 @call-context#2] DEBUG ktor.test - Watching /Users/teru/projects/ktor_sample/build/classes/kotlin/test for changes.
2022-10-31 23:15:58.333 [DefaultDispatcher-worker-1 @call-context#2] DEBUG ktor.test - Watching /Users/teru/projects/ktor_sample/build/classes/kotlin/main for changes.
2022-10-31 23:15:58.333 [DefaultDispatcher-worker-1 @call-context#2] DEBUG ktor.test - Watching /Users/teru/projects/ktor_sample/build/resources/main/templates for changes.
2022-10-31 23:15:58.333 [DefaultDispatcher-worker-1 @call-context#2] DEBUG ktor.test - Watching /Users/teru/projects/ktor_sample/build/resources/main/templates/articles for changes.
2022-10-31 23:15:58.333 [DefaultDispatcher-worker-1 @call-context#2] DEBUG ktor.test - Watching /Users/teru/projects/ktor_sample/build/classes/kotlin/main/com for changes.
2022-10-31 23:15:58.333 [DefaultDispatcher-worker-1 @call-context#2] DEBUG ktor.test - Watching /Users/teru/projects/ktor_sample/build/classes/kotlin/main/com/example for changes.
2022-10-31 23:15:58.333 [DefaultDispatcher-worker-1 @call-context#2] DEBUG ktor.test - Watching /Users/teru/projects/ktor_sample/build/classes/kotlin/main/com/example/plugins for changes.
2022-10-31 23:15:58.334 [DefaultDispatcher-worker-1 @call-context#2] DEBUG ktor.test - Watching /Users/teru/projects/ktor_sample/build/classes/kotlin/main/com/example/controller for changes.
2022-10-31 23:15:58.334 [DefaultDispatcher-worker-1 @call-context#2] DEBUG ktor.test - Watching /Users/teru/projects/ktor_sample/build/classes/kotlin/main/com/example/models for changes.
2022-10-31 23:15:58.334 [DefaultDispatcher-worker-1 @call-context#2] DEBUG ktor.test - Watching /Users/teru/projects/ktor_sample/build/classes/kotlin/main/META-INF for changes.
2022-10-31 23:15:58.363 [DefaultDispatcher-worker-1 @call-context#2] INFO  ktor.test - Application started in 0.091 seconds.
]]></system-out>
  <system-err><![CDATA[]]></system-err>
</testsuite>
